<?xml version="1.0" encoding="UTF-8"?>
<testng-results ignored="0" total="1" passed="1" failed="0" skipped="0">
  <reporter-output>
  </reporter-output>
  <suite started-at="2024-08-10T10:41:15 IST" name="Default suite" finished-at="2024-08-10T10:41:20 IST" duration-ms="4298">
    <groups>
    </groups>
    <test started-at="2024-08-10T10:41:15 IST" name="Default test" finished-at="2024-08-10T10:41:20 IST" duration-ms="4298">
      <class name="api.tests.CreateTokenTest">
        <test-method signature="testAuthentication()[pri:0, instance:api.tests.CreateTokenTest@6bd61f98]" started-at="2024-08-10T10:41:15 IST" name="testAuthentication" finished-at="2024-08-10T10:41:20 IST" duration-ms="4201" status="PASS">
          <reporter-output>
          </reporter-output>
        </test-method> <!-- testAuthentication -->
      </class> <!-- api.tests.CreateTokenTest -->
    </test> <!-- Default test -->
  </suite> <!-- Default suite -->
</testng-results>
